<?xml version='1.0' encoding='UTF-8'?>
<hotspot_log version='160 1' process='2840' time_ms='1234653973965'>
<vm_version>
<name>
Java HotSpot(TM) Client VM
</name>
<release>
11.2-b01-fastdebug
</release>
<info>
Java HotSpot(TM) Client VM (11.2-b01-fastdebug) for windows-x86 JRE (1.6.0_12-ea-fastdebug-b02), built on Dec  8 2008 04:26:09 by &quot;java_re&quot; with MS VC++ 7.1
</info>
</vm_version>
<vm_arguments>
<args>
-Dapplication.home=C:\Program Files\Java\jdk1.6.0_12 -Xms8m -Xss4m -ea:com.sun.tools... 
</args>
<command>
com.sun.tools.javac.Main -cp . -d ./Bin/ ./Bulby/./io/FileManager.java ./Bulby/./io/Frames.java ./Bulby/./io/Login.java ./Bulby/./io/PacketManager.java ./Bulby/./io/Packets.java
</command>
<launcher>
SUN_STANDARD
</launcher>
<properties>
java.vm.specification.version=1.0
java.vm.specification.name=Java Virtual Machine Specification
java.vm.specification.vendor=Sun Microsystems Inc.
java.vm.version=11.2-b01-fastdebug
java.vm.name=Java HotSpot(TM) Client VM
java.vm.vendor=Sun Microsystems Inc.
java.vm.info=mixed mode, sharing
java.ext.dirs=C:\Program Files\Java\jdk1.6.0_12\jre\lib\ext;C:\WINDOWS\Sun\Java\lib\ext
java.endorsed.dirs=C:\Program Files\Java\jdk1.6.0_12\jre\lib\endorsed
sun.boot.library.path=C:\Program Files\Java\jdk1.6.0_12\jre\bin
java.library.path=C:\Program Files\Java\jdk1.6.0_12\bin;.;C:\WINDOWS\Sun\Java\bin;C:\WINDOWS\system32;C:\WINDOWS;C:\WINDOWS\system32;C:\WINDOWS;C:\WINDOWS\System32\Wbem;C:\Program Files\TortoiseSVN\bin;
java.home=C:\Program Files\Java\jdk1.6.0_12\jre
java.class.path=C:\Program Files\Java\jdk1.6.0_12\lib\tools.jar;C:\Program Files\Java\jdk1.6.0_12\classes
sun.boot.class.path=C:\Program Files\Java\jdk1.6.0_12\jre\lib\resources.jar;C:\Program Files\Java\jdk1.6.0_12\jre\lib\rt.jar;C:\Program Files\Java\jdk1.6.0_12\jre\lib\sunrsasign.jar;C:\Program Files\Java\jdk1.6.0_12\jre\lib\jsse.jar;C:\Program Files\Java\jdk1.6.0_12\jre\lib\jce.jar;C:\Program Files\Java\jdk1.6.0_12\jre\lib\charsets.jar;C:\Program Files\Java\jdk1.6.0_12\jre\classes
application.home=C:\Program Files\Java\jdk1.6.0_12
sun.java.launcher=SUN_STANDARD
</properties>
</vm_arguments>
<tty>
<writer thread='2616'/>
C1 Runtime statistics:
 _resolve_invoke_virtual_cnt:     576
 _resolve_invoke_opt_virtual_cnt: 1132
 _resolve_invoke_static_cnt:      187
 _handle_wrong_method_cnt:        0
 _ic_miss_cnt:                    293
 _generic_arraycopy_cnt:          3626
 _primitive_arraycopy_cnt:        111749
 _oop_arraycopy_cnt:              87
 _arraycopy_slowcase_cnt:         0
 _new_type_array_slowcase_cnt:    21
 _new_object_array_slowcase_cnt:  2
 _new_instance_slowcase_cnt:      82
 _new_multi_array_slowcase_cnt:   0
 _monitorenter_slowcase_cnt:      0
 _monitorexit_slowcase_cnt:       0
 _patch_code_slowcase_cnt:        4
 _throw_range_check_exception_count:            0:
 _throw_index_exception_count:                  0:
 _throw_div0_exception_count:                   0:
 _throw_null_pointer_exception_count:           0:
 _throw_class_cast_exception_count:             0:
 _throw_incompatible_class_change_error_count:  0:
 _throw_array_store_exception_count:            0:
 _throw_count:                                  0:

<statistics type='nmethod'>
Statistics for 6 native nmethods:
 N. total size  = 3412
 N. relocation  = 296
 N. main code   = 2020
Statistics for 807 bytecoded nmethods:
 total in heap  = 1962564
 relocation     = 163664
 main code      = 613344
 stub code      = 75462
 constants      = 870
 scopes data    = 426840
 scopes pcs     = 450192
 dependencies   = 5864
 handler table  = 19800
 nul chk table  = 40368
 oops           = 16296
Debug Data Chunks: 77569, shared 9570+20371, non-SP&apos;s elided 1253
PcDesc Statistics:  8108 queries, 15.37 comparisons per query
  caches=807 queries=8108/0, hits=0+974, tests=41397+83216, adds=7134
</statistics>
<tty_done stamp='22.685'/>
</tty>
<hotspot_log_done stamp='22.685'/>
</hotspot_log>
